<?xml version="1.0" encoding="UTF-8"?>
<testsuite name="ziqingyu"
           tests="3"
           failures="0"
           errors="0"
           skipped="0"
           time="56.037">
  <properties />
  
  
            <testcase name="shaixuan2" time="18.463" classname="com.webtest.demo.ziqingyu.QingtingshaiTest" />
                <testcase name="shaixuan3" time="18.391" classname="com.webtest.demo.ziqingyu.QingtingshaiTest" />
                <testcase name="shaixuan1" time="19.183" classname="com.webtest.demo.ziqingyu.QingtingshaiTest" />
      
</testsuite>
